This file contains any messages produced by compilers while
running configure, to aid debugging if configure makes a mistake.

It was created by mathematics configure 1.0, which was
generated by GNU Autoconf 2.69.  Invocation command line was

  $ ./configure --with-kernel=/homesd/msandro/software/salome/KERNEL_7.3.0 --with-aster= --with-gui=/homesd/msandro/software/salome/GUI_7.3.0 --prefix=/homesd/msandro/software/salome/MATHEMATICS

## --------- ##
## Platform. ##
## --------- ##

hostname = pool
uname -m = x86_64
uname -r = 3.11.10-11-desktop
uname -s = Linux
uname -v = #1 SMP PREEMPT Mon May 12 13:37:06 UTC 2014 (3d22b5f)

/usr/bin/uname -p = x86_64
/bin/uname -X     = unknown

/bin/arch              = x86_64
/usr/bin/arch -k       = unknown
/usr/convex/getsysinfo = unknown
/usr/bin/hostinfo      = unknown
/bin/machine           = unknown
/usr/bin/oslevel       = unknown
/bin/universe          = unknown

PATH: /homesd/msandro/software/salome/HXX2SALOME_7.3.0/bin
PATH: /homesd/msandro/software/salome/YACS_7.3.0/bin/salome
PATH: /homesd/msandro/software/salome/PYHELLO_7.3.0/bin/salome
PATH: /homesd/msandro/software/salome/HELLO_7.3.0/bin/salome
PATH: /homesd/msandro/software/salome/HEXABLOCK_7.3.0/bin/salome
PATH: /homesd/msandro/software/salome/PARAVIS_7.3.0/bin/salome
PATH: /homesd/msandro/software/salome/SMESH_7.3.0/bin/salome
PATH: /homesd/msandro/software/salome/MED_7.3.0/bin/salome
PATH: /homesd/msandro/software/salome/GEOM_7.3.0/bin/salome
PATH: /homesd/msandro/software/salome/GUI_7.3.0/bin/salome
PATH: /homesd/msandro/software/salome/KERNEL_7.3.0/bin/salome
PATH: /homesd/msandro/software/salome/wso2-wsf-cpp-2.1.0/bin
PATH: /homesd/msandro/software/salome/libxml2-2.9.0/bin
PATH: /homesd/msandro/software/salome/Sphinx-1.1.3/bin
PATH: /homesd/msandro/software/salome/doxygen-1.8.3.1/bin
PATH: /homesd/msandro/software/salome/graphviz-2.30.0/bin
PATH: /homesd/msandro/software/salome/expat-2.0.1/bin
PATH: /homesd/msandro/software/salome/numpy-1.7.1/bin
PATH: /homesd/msandro/software/salome/ParaView-3.98.1/bin
PATH: /homesd/msandro/software/salome/med-3.0.7/bin
PATH: /homesd/msandro/software/salome/cgnslib-3.1.3/bin
PATH: /homesd/msandro/software/salome/hdf5-1.8.10/bin
PATH: /homesd/msandro/software/salome/omniORB-4.1.6/bin
PATH: /homesd/msandro/software/salome/OCCT-6.7.0/bin
PATH: /homesd/msandro/software/salome/tbb-30_018oss/bin/intel64/cc4.1.0_libc2.4_kernel2.6.16.21
PATH: /homesd/msandro/software/salome/gl2ps-1.3.8/bin
PATH: /homesd/msandro/software/salome/cmake-2.8.10.2/bin
PATH: /homesd/msandro/software/salome/freeimage-3.15.4/bin
PATH: /homesd/msandro/software/salome/swig-2.0.8/bin
PATH: /homesd/msandro/software/salome/PyQt-4.9.6/bin
PATH: /homesd/msandro/software/salome/sip-4.14.2/bin
PATH: /homesd/msandro/software/salome/qt-4.8.4/bin
PATH: /homesd/msandro/software/salome/Python-2.7.3/bin
PATH: /homesd/msandro/software/salome/tcltk-8.6.0/bin
PATH: /usr/lib64/mpi/gcc/openmpi/bin
PATH: /homesd/msandro/bin
PATH: /usr/local/bin
PATH: /usr/bin
PATH: /bin
PATH: /usr/bin/X11
PATH: /usr/X11R6/bin
PATH: /usr/games
PATH: /opt/kde3/bin
PATH: /usr/lib/mit/bin
PATH: /usr/lib/mit/sbin


## ----------- ##
## Core tests. ##
## ----------- ##

configure:2540: loading site script /usr/share/site/x86_64-unknown-linux-gnu
| #!/bin/sh
| # Site script for configure. It is resourced via $CONFIG_SITE environment varaible.
| 
| # If user did not specify libdir, guess the correct target:
| # Use lib64 for 64 bit bi-arch targets, keep the default for the rest.
| if test "$libdir" = '${exec_prefix}/lib' ; then
| 
| 	ac_config_site_64bit_host=NONE
| 
| 	case "$host" in
| 	"" )
| 		# User did not specify host target.
| 		# The native platform x86_64 is a bi-arch platform.
| 		# Try to detect cross-compilation to inferior architecture.
| 
| 		# We are trying to guess 32-bit target compilation. It's not as easy as
| 		# it sounds, as there is possible several intermediate combinations.
| 		ac_config_site_cross_to_32bit_host=NONE
| 
| 		# User defined -m32 in CFLAGS or CXXFLAGS:
| 		# (It's sufficient for 32-bit, but alone may cause mis-behavior of some checks.)
| 		case "$CFLAGS" in
| 		*-m32*)
| 			ac_config_site_cross_to_32bit_host=YES
| 			;;
| 		esac
| 		case "$CXXFLAGS" in
| 		*-m32*)
| 			ac_config_site_cross_to_32bit_host=YES
| 			;;
| 		esac
| 
| 		# Running with linux32:
| 		# (Changes detected platform, but not the toolchain target.)
| 		case "`/bin/uname -i`" in
| 		x86_64 | ppc64 | s390x )
| 			;;
| 		* )
| 			ac_config_site_cross_to_32bit_host=YES
| 			;;
| 		esac
| 
| 		if test "x$ac_config_site_cross_to_32bit_host" = xNONE; then
| 			ac_config_site_64bit_host=YES
| 		fi
| 
| 		;;
| 	*x86_64* | *ppc64* | *s390x* )
| 		ac_config_site_64bit_host=YES
| 		;;
| 	esac
| 
| 	if test "x$ac_config_site_64bit_host" = xYES; then
| 		libdir='${exec_prefix}/lib64'
| 	fi
| fi
| 
| # If user did not specify libexecdir, set the correct target:
| # Nor FHS nor openSUSE allow prefix/libexec. Let's default to prefix/lib.
| 
| if test "$libexecdir" = '${exec_prefix}/libexec' ; then
| 	libexecdir='${exec_prefix}/lib'
| fi
| 
| # Continue with the standard behavior of configure defined in AC_SITE_LOAD:
| if test "x$prefix" != xNONE; then
| 	ac_site_file1=$prefix/share/config.site
| 	ac_site_file2=$prefix/etc/config.site
| else
| 	ac_site_file1=$ac_default_prefix/share/config.site
| 	ac_site_file2=$ac_default_prefix/etc/config.site
| fi
| for ac_site_file in "$ac_site_file1" "$ac_site_file2"
| do
| 	test "x$ac_site_file" = xNONE && continue
| 	if test /dev/null != "$ac_site_file" && test -r "$ac_site_file"; then
| 		{ $as_echo "/usr/share/site/x86_64-unknown-linux-gnu:${as_lineno-$LINENO}: loading site script $ac_site_file" >&5
| $as_echo "/usr/share/site/x86_64-unknown-linux-gnu: loading site script $ac_site_file" >&6;}
| 		sed 's/^/| /' "$ac_site_file" >&5
| 		. "$ac_site_file" \
| 			|| { { $as_echo "/usr/share/site/x86_64-unknown-linux-gnu:${as_lineno-$LINENO}: error: in \`$ac_pwd':" >&5
| $as_echo "/usr/share/site/x86_64-unknown-linux-gnu: error: in \`$ac_pwd':" >&2;}
| as_fn_error $? "failed to load site script $ac_site_file
| See \`config.log' for more details" "$LINENO" 5; }
| 	fi
| done
configure:2681: checking for a BSD-compatible install
configure:2749: result: /usr/bin/install -c
configure:2760: checking whether build environment is sane
configure:2815: result: yes
configure:2966: checking for a thread-safe mkdir -p
configure:3005: result: /usr/bin/mkdir -p
configure:3012: checking for gawk
configure:3028: found /usr/bin/gawk
configure:3039: result: gawk
configure:3050: checking whether make sets $(MAKE)
configure:3072: result: yes
configure:3101: checking whether make supports nested variables
configure:3118: result: yes
configure:3207: checking for LIB_LOCATION_SUFFIX...
configure:3211: result: LIB_LOCATION_SUFFIX is 
configure:3216: checking wether  accepts -Xlinker -export-dynamic
configure:3225: result: no
configure:3216: checking wether  accepts -transitive_link
configure:3225: result: no
configure:3243: checking wether  accepts -Xlinker -enable-new-dtags
configure:3252: result: no
configure:3277: checking for Kernel...
configure:3360: result: Using Kernel module distribution in /homesd/msandro/software/salome/KERNEL_7.3.0
configure:3385: result: for Kernel: yes
configure:3424: checking build system type
configure:3438: result: x86_64-suse-linux-gnu
configure:3458: checking host system type
configure:3471: result: x86_64-suse-linux-gnu
configure:3512: checking how to print strings
configure:3539: result: printf
configure:3572: checking for style of include used by make
configure:3600: result: GNU
configure:3671: checking for gcc
configure:3687: found /usr/bin/gcc
configure:3698: result: gcc
configure:3927: checking for C compiler version
configure:3936: gcc --version >&5
gcc (SUSE Linux) 4.8.1 20130909 [gcc-4_8-branch revision 202388]
Copyright (C) 2013 Free Software Foundation, Inc.
This is free software; see the source for copying conditions.  There is NO
warranty; not even for MERCHANTABILITY or FITNESS FOR A PARTICULAR PURPOSE.

configure:3947: $? = 0
configure:3936: gcc -v >&5
Using built-in specs.
COLLECT_GCC=gcc
COLLECT_LTO_WRAPPER=/usr/lib64/gcc/x86_64-suse-linux/4.8/lto-wrapper
Target: x86_64-suse-linux
Configured with: ../configure --prefix=/usr --infodir=/usr/share/info --mandir=/usr/share/man --libdir=/usr/lib64 --libexecdir=/usr/lib64 --enable-languages=c,c++,objc,fortran,obj-c++,java,ada --enable-checking=release --with-gxx-include-dir=/usr/include/c++/4.8 --enable-ssp --disable-libssp --disable-plugin --with-bugurl=http://bugs.opensuse.org/ --with-pkgversion='SUSE Linux' --disable-libgcj --disable-libmudflap --with-slibdir=/lib64 --with-system-zlib --enable-__cxa_atexit --enable-libstdcxx-allocator=new --disable-libstdcxx-pch --enable-version-specific-runtime-libs --enable-linker-build-id --program-suffix=-4.8 --enable-linux-futex --without-system-libunwind --with-arch-32=i586 --with-tune=generic --build=x86_64-suse-linux
Thread model: posix
gcc version 4.8.1 20130909 [gcc-4_8-branch revision 202388] (SUSE Linux) 
configure:3947: $? = 0
configure:3936: gcc -V >&5
gcc: error: unrecognized command line option '-V'
gcc: fatal error: no input files
compilation terminated.
configure:3947: $? = 1
configure:3936: gcc -qversion >&5
gcc: error: unrecognized command line option '-qversion'
gcc: fatal error: no input files
compilation terminated.
configure:3947: $? = 1
configure:3967: checking whether the C compiler works
configure:3989: gcc    conftest.c  >&5
configure:3993: $? = 0
configure:4041: result: yes
configure:4044: checking for C compiler default output file name
configure:4046: result: a.out
configure:4052: checking for suffix of executables
configure:4059: gcc -o conftest    conftest.c  >&5
configure:4063: $? = 0
configure:4085: result: 
configure:4107: checking whether we are cross compiling
configure:4115: gcc -o conftest    conftest.c  >&5
configure:4119: $? = 0
configure:4126: ./conftest
configure:4130: $? = 0
configure:4145: result: no
configure:4150: checking for suffix of object files
configure:4172: gcc -c   conftest.c >&5
configure:4176: $? = 0
configure:4197: result: o
configure:4201: checking whether we are using the GNU C compiler
configure:4220: gcc -c   conftest.c >&5
configure:4220: $? = 0
configure:4229: result: yes
configure:4238: checking whether gcc accepts -g
configure:4258: gcc -c -g  conftest.c >&5
configure:4258: $? = 0
configure:4299: result: yes
configure:4316: checking for gcc option to accept ISO C89
configure:4379: gcc  -c -g -O2  conftest.c >&5
configure:4379: $? = 0
configure:4392: result: none needed
configure:4414: checking dependency style of gcc
configure:4525: result: gcc3
configure:4540: checking for a sed that does not truncate output
configure:4604: result: /usr/bin/sed
configure:4622: checking for grep that handles long lines and -e
configure:4680: result: /usr/bin/grep
configure:4685: checking for egrep
configure:4747: result: /usr/bin/grep -E
configure:4752: checking for fgrep
configure:4814: result: /usr/bin/grep -F
configure:4849: checking for ld used by gcc
configure:4916: result: /usr/x86_64-suse-linux/bin/ld
configure:4923: checking if the linker (/usr/x86_64-suse-linux/bin/ld) is GNU ld
configure:4938: result: yes
configure:4950: checking for BSD- or MS-compatible name lister (nm)
configure:4999: result: /usr/bin/nm -B
configure:5129: checking the name lister (/usr/bin/nm -B) interface
configure:5136: gcc -c -g -O2  conftest.c >&5
configure:5139: /usr/bin/nm -B "conftest.o"
configure:5142: output
0000000000000000 B some_variable
configure:5149: result: BSD nm
configure:5152: checking whether ln -s works
configure:5156: result: yes
configure:5164: checking the maximum length of command line arguments
configure:5294: result: 1572864
configure:5311: checking whether the shell understands some XSI constructs
configure:5321: result: yes
configure:5325: checking whether the shell understands "+="
configure:5331: result: yes
configure:5366: checking how to convert x86_64-suse-linux-gnu file names to x86_64-suse-linux-gnu format
configure:5406: result: func_convert_file_noop
configure:5413: checking how to convert x86_64-suse-linux-gnu file names to toolchain format
configure:5433: result: func_convert_file_noop
configure:5440: checking for /usr/x86_64-suse-linux/bin/ld option to reload object files
configure:5447: result: -r
configure:5521: checking for objdump
configure:5537: found /usr/bin/objdump
configure:5548: result: objdump
configure:5580: checking how to recognize dependent libraries
configure:5782: result: pass_all
configure:5867: checking for dlltool
configure:5897: result: no
configure:5927: checking how to associate runtime and link libraries
configure:5954: result: printf %s\n
configure:6015: checking for ar
configure:6031: found /usr/bin/ar
configure:6042: result: ar
configure:6079: checking for archiver @FILE support
configure:6096: gcc -c -g -O2  conftest.c >&5
configure:6096: $? = 0
configure:6099: ar cru libconftest.a @conftest.lst >&5
configure:6102: $? = 0
configure:6107: ar cru libconftest.a @conftest.lst >&5
ar: conftest.o: No such file or directory
configure:6110: $? = 1
configure:6122: result: @
configure:6180: checking for strip
configure:6196: found /usr/bin/strip
configure:6207: result: strip
configure:6279: checking for ranlib
configure:6295: found /usr/bin/ranlib
configure:6306: result: ranlib
configure:6408: checking command to parse /usr/bin/nm -B output from gcc object
configure:6528: gcc -c -g -O2  conftest.c >&5
configure:6531: $? = 0
configure:6535: /usr/bin/nm -B conftest.o \| sed -n -e 's/^.*[ ]\([ABCDGIRSTW][ABCDGIRSTW]*\)[ ][ ]*\([_A-Za-z][_A-Za-z0-9]*\)$/\1 \2 \2/p' | sed '/ __gnu_lto/d' \> conftest.nm
configure:6538: $? = 0
configure:6604: gcc -o conftest -g -O2   conftest.c conftstm.o >&5
configure:6607: $? = 0
configure:6645: result: ok
configure:6682: checking for sysroot
configure:6712: result: no
configure:6789: gcc -c -g -O2  conftest.c >&5
configure:6792: $? = 0
configure:6968: checking for mt
configure:6984: found /usr/bin/mt
configure:6995: result: mt
configure:7018: checking if mt is a manifest tool
configure:7024: mt '-?'
configure:7032: result: no
configure:7674: checking how to run the C preprocessor
configure:7705: gcc -E  conftest.c
configure:7705: $? = 0
configure:7719: gcc -E  conftest.c
conftest.c:11:28: fatal error: ac_nonexistent.h: No such file or directory
 #include <ac_nonexistent.h>
                            ^
compilation terminated.
configure:7719: $? = 1
configure: failed program was:
| /* confdefs.h */
| #define PACKAGE_NAME "mathematics"
| #define PACKAGE_TARNAME "mathematics"
| #define PACKAGE_VERSION "1.0"
| #define PACKAGE_STRING "mathematics 1.0"
| #define PACKAGE_BUGREPORT ""
| #define PACKAGE_URL ""
| #define PACKAGE "mathematics"
| #define VERSION "1.0"
| /* end confdefs.h.  */
| #include <ac_nonexistent.h>
configure:7744: result: gcc -E
configure:7764: gcc -E  conftest.c
configure:7764: $? = 0
configure:7778: gcc -E  conftest.c
conftest.c:11:28: fatal error: ac_nonexistent.h: No such file or directory
 #include <ac_nonexistent.h>
                            ^
compilation terminated.
configure:7778: $? = 1
configure: failed program was:
| /* confdefs.h */
| #define PACKAGE_NAME "mathematics"
| #define PACKAGE_TARNAME "mathematics"
| #define PACKAGE_VERSION "1.0"
| #define PACKAGE_STRING "mathematics 1.0"
| #define PACKAGE_BUGREPORT ""
| #define PACKAGE_URL ""
| #define PACKAGE "mathematics"
| #define VERSION "1.0"
| /* end confdefs.h.  */
| #include <ac_nonexistent.h>
configure:7807: checking for ANSI C header files
configure:7827: gcc -c -g -O2  conftest.c >&5
configure:7827: $? = 0
configure:7900: gcc -o conftest -g -O2   conftest.c  >&5
configure:7900: $? = 0
configure:7900: ./conftest
configure:7900: $? = 0
configure:7911: result: yes
configure:7924: checking for sys/types.h
configure:7924: gcc -c -g -O2  conftest.c >&5
configure:7924: $? = 0
configure:7924: result: yes
configure:7924: checking for sys/stat.h
configure:7924: gcc -c -g -O2  conftest.c >&5
configure:7924: $? = 0
configure:7924: result: yes
configure:7924: checking for stdlib.h
configure:7924: gcc -c -g -O2  conftest.c >&5
configure:7924: $? = 0
configure:7924: result: yes
configure:7924: checking for string.h
configure:7924: gcc -c -g -O2  conftest.c >&5
configure:7924: $? = 0
configure:7924: result: yes
configure:7924: checking for memory.h
configure:7924: gcc -c -g -O2  conftest.c >&5
configure:7924: $? = 0
configure:7924: result: yes
configure:7924: checking for strings.h
configure:7924: gcc -c -g -O2  conftest.c >&5
configure:7924: $? = 0
configure:7924: result: yes
configure:7924: checking for inttypes.h
configure:7924: gcc -c -g -O2  conftest.c >&5
configure:7924: $? = 0
configure:7924: result: yes
configure:7924: checking for stdint.h
configure:7924: gcc -c -g -O2  conftest.c >&5
configure:7924: $? = 0
configure:7924: result: yes
configure:7924: checking for unistd.h
configure:7924: gcc -c -g -O2  conftest.c >&5
configure:7924: $? = 0
configure:7924: result: yes
configure:7938: checking for dlfcn.h
configure:7938: gcc -c -g -O2  conftest.c >&5
configure:7938: $? = 0
configure:7938: result: yes
configure:8144: checking for objdir
configure:8159: result: .libs
configure:8426: checking if gcc supports -fno-rtti -fno-exceptions
configure:8444: gcc -c -g -O2  -fno-rtti -fno-exceptions conftest.c >&5
cc1: warning: command line option '-fno-rtti' is valid for C++/ObjC++ but not for C [enabled by default]
configure:8448: $? = 0
configure:8461: result: no
configure:8788: checking for gcc option to produce PIC
configure:8795: result: -fPIC -DPIC
configure:8803: checking if gcc PIC flag -fPIC -DPIC works
configure:8821: gcc -c -g -O2  -fPIC -DPIC -DPIC conftest.c >&5
configure:8825: $? = 0
configure:8838: result: yes
configure:8867: checking if gcc static flag -static works
configure:8895: result: no
configure:8910: checking if gcc supports -c -o file.o
configure:8931: gcc -c -g -O2  -o out/conftest2.o conftest.c >&5
configure:8935: $? = 0
configure:8957: result: yes
configure:8965: checking if gcc supports -c -o file.o
configure:9012: result: yes
configure:9045: checking whether the gcc linker (/usr/x86_64-suse-linux/bin/ld -m elf_x86_64) supports shared libraries
configure:10198: result: yes
configure:10235: checking whether -lc should be explicitly linked in
configure:10243: gcc -c -g -O2  conftest.c >&5
configure:10246: $? = 0
configure:10261: gcc -shared  -fPIC -DPIC conftest.o  -v -Wl,-soname -Wl,conftest -o conftest 2\>\&1 \| /usr/bin/grep  -lc  \>/dev/null 2\>\&1
configure:10264: $? = 0
configure:10278: result: no
configure:10438: checking dynamic linker characteristics
configure:10949: gcc -o conftest -g -O2   -Wl,-rpath -Wl,/foo conftest.c  >&5
configure:10949: $? = 0
configure:11171: result: GNU/Linux ld.so
configure:11278: checking how to hardcode library paths into programs
configure:11303: result: immediate
configure:11843: checking whether stripping libraries is possible
configure:11848: result: yes
configure:11883: checking if libtool supports shared libraries
configure:11885: result: yes
configure:11888: checking whether to build shared libraries
configure:11909: result: yes
configure:11912: checking whether to build static libraries
configure:11916: result: yes
configure:12001: checking for gcc
configure:12028: result: gcc
configure:12257: checking for C compiler version
configure:12266: gcc --version >&5
gcc (SUSE Linux) 4.8.1 20130909 [gcc-4_8-branch revision 202388]
Copyright (C) 2013 Free Software Foundation, Inc.
This is free software; see the source for copying conditions.  There is NO
warranty; not even for MERCHANTABILITY or FITNESS FOR A PARTICULAR PURPOSE.

configure:12277: $? = 0
configure:12266: gcc -v >&5
Using built-in specs.
COLLECT_GCC=gcc
COLLECT_LTO_WRAPPER=/usr/lib64/gcc/x86_64-suse-linux/4.8/lto-wrapper
Target: x86_64-suse-linux
Configured with: ../configure --prefix=/usr --infodir=/usr/share/info --mandir=/usr/share/man --libdir=/usr/lib64 --libexecdir=/usr/lib64 --enable-languages=c,c++,objc,fortran,obj-c++,java,ada --enable-checking=release --with-gxx-include-dir=/usr/include/c++/4.8 --enable-ssp --disable-libssp --disable-plugin --with-bugurl=http://bugs.opensuse.org/ --with-pkgversion='SUSE Linux' --disable-libgcj --disable-libmudflap --with-slibdir=/lib64 --with-system-zlib --enable-__cxa_atexit --enable-libstdcxx-allocator=new --disable-libstdcxx-pch --enable-version-specific-runtime-libs --enable-linker-build-id --program-suffix=-4.8 --enable-linux-futex --without-system-libunwind --with-arch-32=i586 --with-tune=generic --build=x86_64-suse-linux
Thread model: posix
gcc version 4.8.1 20130909 [gcc-4_8-branch revision 202388] (SUSE Linux) 
configure:12277: $? = 0
configure:12266: gcc -V >&5
gcc: error: unrecognized command line option '-V'
gcc: fatal error: no input files
compilation terminated.
configure:12277: $? = 1
configure:12266: gcc -qversion >&5
gcc: error: unrecognized command line option '-qversion'
gcc: fatal error: no input files
compilation terminated.
configure:12277: $? = 1
configure:12281: checking whether we are using the GNU C compiler
configure:12309: result: yes
configure:12318: checking whether gcc accepts -g
configure:12379: result: yes
configure:12396: checking for gcc option to accept ISO C89
configure:12472: result: none needed
configure:12494: checking dependency style of gcc
configure:12605: result: gcc3
configure:12678: checking for g++
configure:12694: found /usr/bin/g++
configure:12705: result: g++
configure:12732: checking for C++ compiler version
configure:12741: g++ --version >&5
g++ (SUSE Linux) 4.8.1 20130909 [gcc-4_8-branch revision 202388]
Copyright (C) 2013 Free Software Foundation, Inc.
This is free software; see the source for copying conditions.  There is NO
warranty; not even for MERCHANTABILITY or FITNESS FOR A PARTICULAR PURPOSE.

configure:12752: $? = 0
configure:12741: g++ -v >&5
Using built-in specs.
COLLECT_GCC=g++
COLLECT_LTO_WRAPPER=/usr/lib64/gcc/x86_64-suse-linux/4.8/lto-wrapper
Target: x86_64-suse-linux
Configured with: ../configure --prefix=/usr --infodir=/usr/share/info --mandir=/usr/share/man --libdir=/usr/lib64 --libexecdir=/usr/lib64 --enable-languages=c,c++,objc,fortran,obj-c++,java,ada --enable-checking=release --with-gxx-include-dir=/usr/include/c++/4.8 --enable-ssp --disable-libssp --disable-plugin --with-bugurl=http://bugs.opensuse.org/ --with-pkgversion='SUSE Linux' --disable-libgcj --disable-libmudflap --with-slibdir=/lib64 --with-system-zlib --enable-__cxa_atexit --enable-libstdcxx-allocator=new --disable-libstdcxx-pch --enable-version-specific-runtime-libs --enable-linker-build-id --program-suffix=-4.8 --enable-linux-futex --without-system-libunwind --with-arch-32=i586 --with-tune=generic --build=x86_64-suse-linux
Thread model: posix
gcc version 4.8.1 20130909 [gcc-4_8-branch revision 202388] (SUSE Linux) 
configure:12752: $? = 0
configure:12741: g++ -V >&5
g++: error: unrecognized command line option '-V'
g++: fatal error: no input files
compilation terminated.
configure:12752: $? = 1
configure:12741: g++ -qversion >&5
g++: error: unrecognized command line option '-qversion'
g++: fatal error: no input files
compilation terminated.
configure:12752: $? = 1
configure:12756: checking whether we are using the GNU C++ compiler
configure:12775: g++ -c   conftest.cpp >&5
configure:12775: $? = 0
configure:12784: result: yes
configure:12793: checking whether g++ accepts -g
configure:12813: g++ -c -g  conftest.cpp >&5
configure:12813: $? = 0
configure:12854: result: yes
configure:12879: checking dependency style of g++
configure:12990: result: gcc3
configure:13023: checking how to run the C++ preprocessor
configure:13050: g++ -E  conftest.cpp
configure:13050: $? = 0
configure:13064: g++ -E  conftest.cpp
conftest.cpp:23:28: fatal error: ac_nonexistent.h: No such file or directory
 #include <ac_nonexistent.h>
                            ^
compilation terminated.
configure:13064: $? = 1
configure: failed program was:
| /* confdefs.h */
| #define PACKAGE_NAME "mathematics"
| #define PACKAGE_TARNAME "mathematics"
| #define PACKAGE_VERSION "1.0"
| #define PACKAGE_STRING "mathematics 1.0"
| #define PACKAGE_BUGREPORT ""
| #define PACKAGE_URL ""
| #define PACKAGE "mathematics"
| #define VERSION "1.0"
| #define STDC_HEADERS 1
| #define HAVE_SYS_TYPES_H 1
| #define HAVE_SYS_STAT_H 1
| #define HAVE_STDLIB_H 1
| #define HAVE_STRING_H 1
| #define HAVE_MEMORY_H 1
| #define HAVE_STRINGS_H 1
| #define HAVE_INTTYPES_H 1
| #define HAVE_STDINT_H 1
| #define HAVE_UNISTD_H 1
| #define HAVE_DLFCN_H 1
| #define LT_OBJDIR ".libs/"
| /* end confdefs.h.  */
| #include <ac_nonexistent.h>
configure:13089: result: g++ -E
configure:13109: g++ -E  conftest.cpp
configure:13109: $? = 0
configure:13123: g++ -E  conftest.cpp
conftest.cpp:23:28: fatal error: ac_nonexistent.h: No such file or directory
 #include <ac_nonexistent.h>
                            ^
compilation terminated.
configure:13123: $? = 1
configure: failed program was:
| /* confdefs.h */
| #define PACKAGE_NAME "mathematics"
| #define PACKAGE_TARNAME "mathematics"
| #define PACKAGE_VERSION "1.0"
| #define PACKAGE_STRING "mathematics 1.0"
| #define PACKAGE_BUGREPORT ""
| #define PACKAGE_URL ""
| #define PACKAGE "mathematics"
| #define VERSION "1.0"
| #define STDC_HEADERS 1
| #define HAVE_SYS_TYPES_H 1
| #define HAVE_SYS_STAT_H 1
| #define HAVE_STDLIB_H 1
| #define HAVE_STRING_H 1
| #define HAVE_MEMORY_H 1
| #define HAVE_STRINGS_H 1
| #define HAVE_INTTYPES_H 1
| #define HAVE_STDINT_H 1
| #define HAVE_UNISTD_H 1
| #define HAVE_DLFCN_H 1
| #define LT_OBJDIR ".libs/"
| /* end confdefs.h.  */
| #include <ac_nonexistent.h>
configure:13292: checking for ld used by g++
configure:13359: result: /usr/x86_64-suse-linux/bin/ld -m elf_x86_64
configure:13366: checking if the linker (/usr/x86_64-suse-linux/bin/ld -m elf_x86_64) is GNU ld
configure:13381: result: yes
configure:13436: checking whether the g++ linker (/usr/x86_64-suse-linux/bin/ld -m elf_x86_64) supports shared libraries
configure:14441: result: yes
configure:14477: g++ -c -g -O2  conftest.cpp >&5
configure:14480: $? = 0
configure:15000: checking for g++ option to produce PIC
configure:15007: result: -fPIC -DPIC
configure:15015: checking if g++ PIC flag -fPIC -DPIC works
configure:15033: g++ -c -g -O2  -fPIC -DPIC -DPIC conftest.cpp >&5
configure:15037: $? = 0
configure:15050: result: yes
configure:15073: checking if g++ static flag -static works
configure:15101: result: no
configure:15113: checking if g++ supports -c -o file.o
configure:15134: g++ -c -g -O2  -o out/conftest2.o conftest.cpp >&5
configure:15138: $? = 0
configure:15160: result: yes
configure:15165: checking if g++ supports -c -o file.o
configure:15212: result: yes
configure:15242: checking whether the g++ linker (/usr/x86_64-suse-linux/bin/ld -m elf_x86_64) supports shared libraries
configure:15278: result: yes
configure:15419: checking dynamic linker characteristics
configure:16086: result: GNU/Linux ld.so
configure:16139: checking how to hardcode library paths into programs
configure:16164: result: immediate
configure:16257: checking for g77
configure:16287: result: no
configure:16257: checking for xlf
configure:16287: result: no
configure:16257: checking for f77
configure:16287: result: no
configure:16257: checking for frt
configure:16287: result: no
configure:16257: checking for pgf77
configure:16287: result: no
configure:16257: checking for cf77
configure:16287: result: no
configure:16257: checking for fort77
configure:16287: result: no
configure:16257: checking for fl32
configure:16287: result: no
configure:16257: checking for af77
configure:16287: result: no
configure:16257: checking for xlf90
configure:16287: result: no
configure:16257: checking for f90
configure:16287: result: no
configure:16257: checking for pgf90
configure:16287: result: no
configure:16257: checking for pghpf
configure:16287: result: no
configure:16257: checking for epcf90
configure:16287: result: no
configure:16257: checking for gfortran
configure:16273: found /usr/bin/gfortran
configure:16284: result: gfortran
configure:16310: checking for Fortran 77 compiler version
configure:16319: gfortran --version >&5
GNU Fortran (SUSE Linux) 4.8.1 20130909 [gcc-4_8-branch revision 202388]
Copyright (C) 2013 Free Software Foundation, Inc.

GNU Fortran comes with NO WARRANTY, to the extent permitted by law.
You may redistribute copies of GNU Fortran
under the terms of the GNU General Public License.
For more information about these matters, see the file named COPYING

configure:16330: $? = 0
configure:16319: gfortran -v >&5
Using built-in specs.
COLLECT_GCC=gfortran
COLLECT_LTO_WRAPPER=/usr/lib64/gcc/x86_64-suse-linux/4.8/lto-wrapper
Target: x86_64-suse-linux
Configured with: ../configure --prefix=/usr --infodir=/usr/share/info --mandir=/usr/share/man --libdir=/usr/lib64 --libexecdir=/usr/lib64 --enable-languages=c,c++,objc,fortran,obj-c++,java,ada --enable-checking=release --with-gxx-include-dir=/usr/include/c++/4.8 --enable-ssp --disable-libssp --disable-plugin --with-bugurl=http://bugs.opensuse.org/ --with-pkgversion='SUSE Linux' --disable-libgcj --disable-libmudflap --with-slibdir=/lib64 --with-system-zlib --enable-__cxa_atexit --enable-libstdcxx-allocator=new --disable-libstdcxx-pch --enable-version-specific-runtime-libs --enable-linker-build-id --program-suffix=-4.8 --enable-linux-futex --without-system-libunwind --with-arch-32=i586 --with-tune=generic --build=x86_64-suse-linux
Thread model: posix
gcc version 4.8.1 20130909 [gcc-4_8-branch revision 202388] (SUSE Linux) 
configure:16330: $? = 0
configure:16319: gfortran -V >&5
gfortran: error: unrecognized command line option '-V'
gfortran: fatal error: no input files
compilation terminated.
configure:16330: $? = 1
configure:16319: gfortran -qversion >&5
gfortran: error: unrecognized command line option '-qversion'
gfortran: fatal error: no input files
compilation terminated.
configure:16330: $? = 1
configure:16339: checking whether we are using the GNU Fortran 77 compiler
configure:16352: gfortran -c  conftest.F >&5
configure:16352: $? = 0
configure:16361: result: yes
configure:16367: checking whether gfortran accepts -g
configure:16378: gfortran -c -g conftest.f >&5
configure:16378: $? = 0
configure:16386: result: yes
configure:16419: checking how to get verbose linking output from gfortran
configure:16429: gfortran -c -g -O2 conftest.f >&5
configure:16429: $? = 0
configure:16447: gfortran -o conftest -g -O2 -v conftest.f
Using built-in specs.
Target: x86_64-suse-linux
Thread model: posix
gcc version 4.8.1 20130909 [gcc-4_8-branch revision 202388] (SUSE Linux) 
 /usr/lib64/gcc/x86_64-suse-linux/4.8/f951 conftest.f -ffixed-form -quiet -dumpbase conftest.f -mtune=generic -march=x86-64 -auxbase conftest -g -O2 -version -fintrinsic-modules-path /usr/lib64/gcc/x86_64-suse-linux/4.8/finclude -o /tmp/ccpvufXn.s
GNU Fortran (SUSE Linux) version 4.8.1 20130909 [gcc-4_8-branch revision 202388] (x86_64-suse-linux)
	compiled by GNU C version 4.8.1 20130909 [gcc-4_8-branch revision 202388], GMP version 5.1.2, MPFR version 3.1.2, MPC version 1.0
GGC heuristics: --param ggc-min-expand=100 --param ggc-min-heapsize=131072
GNU Fortran (SUSE Linux) version 4.8.1 20130909 [gcc-4_8-branch revision 202388] (x86_64-suse-linux)
	compiled by GNU C version 4.8.1 20130909 [gcc-4_8-branch revision 202388], GMP version 5.1.2, MPFR version 3.1.2, MPC version 1.0
GGC heuristics: --param ggc-min-expand=100 --param ggc-min-heapsize=131072
 /usr/lib64/gcc/x86_64-suse-linux/4.8/../../../../x86_64-suse-linux/bin/as -v --64 -o /tmp/ccqBlWKT.o /tmp/ccpvufXn.s
GNU assembler version 2.23.2 (x86_64-suse-linux) using BFD version (GNU Binutils; openSUSE 13.1) 2.23.2
Reading specs from /usr/lib64/gcc/x86_64-suse-linux/4.8/libgfortran.spec
rename spec lib to liborig
 /usr/lib64/gcc/x86_64-suse-linux/4.8/collect2 --build-id --eh-frame-hdr -m elf_x86_64 -dynamic-linker /lib64/ld-linux-x86-64.so.2 -o conftest /usr/lib64/gcc/x86_64-suse-linux/4.8/../../../../lib64/crt1.o /usr/lib64/gcc/x86_64-suse-linux/4.8/../../../../lib64/crti.o /usr/lib64/gcc/x86_64-suse-linux/4.8/crtbegin.o -L/usr/lib64/gcc/x86_64-suse-linux/4.8 -L/usr/lib64/gcc/x86_64-suse-linux/4.8/../../../../lib64 -L/lib/../lib64 -L/usr/lib/../lib64 -L/usr/lib64/gcc/x86_64-suse-linux/4.8/../../../../x86_64-suse-linux/lib -L/usr/lib64/gcc/x86_64-suse-linux/4.8/../../.. /tmp/ccqBlWKT.o -lgfortran -lm -lgcc_s -lgcc -lquadmath -lm -lgcc_s -lgcc -lc -lgcc_s -lgcc /usr/lib64/gcc/x86_64-suse-linux/4.8/crtend.o /usr/lib64/gcc/x86_64-suse-linux/4.8/../../../../lib64/crtn.o
configure:16530: result: -v
configure:16532: checking for Fortran 77 libraries of gfortran
configure:16555: gfortran -o conftest -g -O2 -v conftest.f
Using built-in specs.
Target: x86_64-suse-linux
Thread model: posix
gcc version 4.8.1 20130909 [gcc-4_8-branch revision 202388] (SUSE Linux) 
 /usr/lib64/gcc/x86_64-suse-linux/4.8/f951 conftest.f -ffixed-form -quiet -dumpbase conftest.f -mtune=generic -march=x86-64 -auxbase conftest -g -O2 -version -fintrinsic-modules-path /usr/lib64/gcc/x86_64-suse-linux/4.8/finclude -o /tmp/ccxzfb0s.s
GNU Fortran (SUSE Linux) version 4.8.1 20130909 [gcc-4_8-branch revision 202388] (x86_64-suse-linux)
	compiled by GNU C version 4.8.1 20130909 [gcc-4_8-branch revision 202388], GMP version 5.1.2, MPFR version 3.1.2, MPC version 1.0
GGC heuristics: --param ggc-min-expand=100 --param ggc-min-heapsize=131072
GNU Fortran (SUSE Linux) version 4.8.1 20130909 [gcc-4_8-branch revision 202388] (x86_64-suse-linux)
	compiled by GNU C version 4.8.1 20130909 [gcc-4_8-branch revision 202388], GMP version 5.1.2, MPFR version 3.1.2, MPC version 1.0
GGC heuristics: --param ggc-min-expand=100 --param ggc-min-heapsize=131072
 /usr/lib64/gcc/x86_64-suse-linux/4.8/../../../../x86_64-suse-linux/bin/as -v --64 -o /tmp/cczHrA6Y.o /tmp/ccxzfb0s.s
GNU assembler version 2.23.2 (x86_64-suse-linux) using BFD version (GNU Binutils; openSUSE 13.1) 2.23.2
Reading specs from /usr/lib64/gcc/x86_64-suse-linux/4.8/libgfortran.spec
rename spec lib to liborig
 /usr/lib64/gcc/x86_64-suse-linux/4.8/collect2 --build-id --eh-frame-hdr -m elf_x86_64 -dynamic-linker /lib64/ld-linux-x86-64.so.2 -o conftest /usr/lib64/gcc/x86_64-suse-linux/4.8/../../../../lib64/crt1.o /usr/lib64/gcc/x86_64-suse-linux/4.8/../../../../lib64/crti.o /usr/lib64/gcc/x86_64-suse-linux/4.8/crtbegin.o -L/usr/lib64/gcc/x86_64-suse-linux/4.8 -L/usr/lib64/gcc/x86_64-suse-linux/4.8/../../../../lib64 -L/lib/../lib64 -L/usr/lib/../lib64 -L/usr/lib64/gcc/x86_64-suse-linux/4.8/../../../../x86_64-suse-linux/lib -L/usr/lib64/gcc/x86_64-suse-linux/4.8/../../.. /tmp/cczHrA6Y.o -lgfortran -lm -lgcc_s -lgcc -lquadmath -lm -lgcc_s -lgcc -lc -lgcc_s -lgcc /usr/lib64/gcc/x86_64-suse-linux/4.8/crtend.o /usr/lib64/gcc/x86_64-suse-linux/4.8/../../../../lib64/crtn.o
configure:16751: result:  -L/usr/lib64/gcc/x86_64-suse-linux/4.8 -L/usr/lib64/gcc/x86_64-suse-linux/4.8/../../../../lib64 -L/lib/../lib64 -L/usr/lib/../lib64 -L/usr/lib64/gcc/x86_64-suse-linux/4.8/../../../../x86_64-suse-linux/lib -L/usr/lib64/gcc/x86_64-suse-linux/4.8/../../.. -lgfortran -lm -lquadmath
configure:16767: checking for dummy main to link with Fortran 77 libraries
configure:16801: gcc -o conftest -g -O2   conftest.c   -L/usr/lib64/gcc/x86_64-suse-linux/4.8 -L/usr/lib64/gcc/x86_64-suse-linux/4.8/../../../../lib64 -L/lib/../lib64 -L/usr/lib/../lib64 -L/usr/lib64/gcc/x86_64-suse-linux/4.8/../../../../x86_64-suse-linux/lib -L/usr/lib64/gcc/x86_64-suse-linux/4.8/../../.. -lgfortran -lm -lquadmath >&5
configure:16801: $? = 0
configure:16846: result: none
configure:16879: checking for Fortran 77 name-mangling scheme
configure:16892: gfortran -c -g -O2 conftest.f >&5
configure:16892: $? = 0
configure:16933: gcc -o conftest -g -O2   conftest.c cfortran_test.o   -L/usr/lib64/gcc/x86_64-suse-linux/4.8 -L/usr/lib64/gcc/x86_64-suse-linux/4.8/../../../../lib64 -L/lib/../lib64 -L/usr/lib/../lib64 -L/usr/lib64/gcc/x86_64-suse-linux/4.8/../../../../x86_64-suse-linux/lib -L/usr/lib64/gcc/x86_64-suse-linux/4.8/../../.. -lgfortran -lm -lquadmath >&5
/tmp/ccx3oxfe.o: In function `main':
/homesd/msandro/software/femus/contrib/Myapplication/MATHEMATICS_SRC/conftest.c:42: undefined reference to `foobar'
collect2: error: ld returned 1 exit status
configure:16933: $? = 1
configure: failed program was:
| /* confdefs.h */
| #define PACKAGE_NAME "mathematics"
| #define PACKAGE_TARNAME "mathematics"
| #define PACKAGE_VERSION "1.0"
| #define PACKAGE_STRING "mathematics 1.0"
| #define PACKAGE_BUGREPORT ""
| #define PACKAGE_URL ""
| #define PACKAGE "mathematics"
| #define VERSION "1.0"
| #define STDC_HEADERS 1
| #define HAVE_SYS_TYPES_H 1
| #define HAVE_SYS_STAT_H 1
| #define HAVE_STDLIB_H 1
| #define HAVE_STRING_H 1
| #define HAVE_MEMORY_H 1
| #define HAVE_STRINGS_H 1
| #define HAVE_INTTYPES_H 1
| #define HAVE_STDINT_H 1
| #define HAVE_UNISTD_H 1
| #define HAVE_DLFCN_H 1
| #define LT_OBJDIR ".libs/"
| /* end confdefs.h.  */
| 
| /* Override any GCC internal prototype to avoid an error.
|    Use char because int might match the return type of a GCC
|    builtin and then its argument prototype would still apply.  */
| #ifdef __cplusplus
| extern "C"
| #endif
| char foobar ();
| #ifdef F77_DUMMY_MAIN
| 
| #  ifdef __cplusplus
|      extern "C"
| #  endif
|    int F77_DUMMY_MAIN() { return 1; }
| 
| #endif
| int
| main ()
| {
| return foobar ();
|   ;
|   return 0;
| }
configure:16933: gcc -o conftest -g -O2   conftest.c cfortran_test.o   -L/usr/lib64/gcc/x86_64-suse-linux/4.8 -L/usr/lib64/gcc/x86_64-suse-linux/4.8/../../../../lib64 -L/lib/../lib64 -L/usr/lib/../lib64 -L/usr/lib64/gcc/x86_64-suse-linux/4.8/../../../../x86_64-suse-linux/lib -L/usr/lib64/gcc/x86_64-suse-linux/4.8/../../.. -lgfortran -lm -lquadmath >&5
configure:16933: $? = 0
configure:16991: gcc -o conftest -g -O2   conftest.c cfortran_test.o   -L/usr/lib64/gcc/x86_64-suse-linux/4.8 -L/usr/lib64/gcc/x86_64-suse-linux/4.8/../../../../lib64 -L/lib/../lib64 -L/usr/lib/../lib64 -L/usr/lib64/gcc/x86_64-suse-linux/4.8/../../../../x86_64-suse-linux/lib -L/usr/lib64/gcc/x86_64-suse-linux/4.8/../../.. -lgfortran -lm -lquadmath >&5
configure:16991: $? = 0
configure:17033: result: lower case, underscore, no extra underscore
configure:17150: checking for Fortran 77 compiler version
configure:17159: gfortran --version >&5
GNU Fortran (SUSE Linux) 4.8.1 20130909 [gcc-4_8-branch revision 202388]
Copyright (C) 2013 Free Software Foundation, Inc.

GNU Fortran comes with NO WARRANTY, to the extent permitted by law.
You may redistribute copies of GNU Fortran
under the terms of the GNU General Public License.
For more information about these matters, see the file named COPYING

configure:17170: $? = 0
configure:17159: gfortran -v >&5
Using built-in specs.
COLLECT_GCC=gfortran
COLLECT_LTO_WRAPPER=/usr/lib64/gcc/x86_64-suse-linux/4.8/lto-wrapper
Target: x86_64-suse-linux
Configured with: ../configure --prefix=/usr --infodir=/usr/share/info --mandir=/usr/share/man --libdir=/usr/lib64 --libexecdir=/usr/lib64 --enable-languages=c,c++,objc,fortran,obj-c++,java,ada --enable-checking=release --with-gxx-include-dir=/usr/include/c++/4.8 --enable-ssp --disable-libssp --disable-plugin --with-bugurl=http://bugs.opensuse.org/ --with-pkgversion='SUSE Linux' --disable-libgcj --disable-libmudflap --with-slibdir=/lib64 --with-system-zlib --enable-__cxa_atexit --enable-libstdcxx-allocator=new --disable-libstdcxx-pch --enable-version-specific-runtime-libs --enable-linker-build-id --program-suffix=-4.8 --enable-linux-futex --without-system-libunwind --with-arch-32=i586 --with-tune=generic --build=x86_64-suse-linux
Thread model: posix
gcc version 4.8.1 20130909 [gcc-4_8-branch revision 202388] (SUSE Linux) 
configure:17170: $? = 0
configure:17159: gfortran -V >&5
gfortran: error: unrecognized command line option '-V'
gfortran: fatal error: no input files
compilation terminated.
configure:17170: $? = 1
configure:17159: gfortran -qversion >&5
gfortran: error: unrecognized command line option '-qversion'
gfortran: fatal error: no input files
compilation terminated.
configure:17170: $? = 1
configure:17179: checking whether we are using the GNU Fortran 77 compiler
configure:17201: result: yes
configure:17207: checking whether gfortran accepts -g
configure:17226: result: yes
configure:17361: checking if libtool supports shared libraries
configure:17363: result: yes
configure:17366: checking whether to build shared libraries
configure:17386: result: yes
configure:17389: checking whether to build static libraries
configure:17393: result: yes
configure:17714: checking for gfortran option to produce PIC
configure:17721: result: -fPIC
configure:17729: checking if gfortran PIC flag -fPIC works
configure:17747: gfortran -c -g -O2 -fPIC conftest.f >&5
configure:17751: $? = 0
configure:17764: result: yes
configure:17787: checking if gfortran static flag -static works
configure:17815: result: no
configure:17827: checking if gfortran supports -c -o file.o
configure:17848: gfortran -c -g -O2 -o out/conftest2.o conftest.f >&5
configure:17852: $? = 0
configure:17874: result: yes
configure:17879: checking if gfortran supports -c -o file.o
configure:17926: result: yes
configure:17956: checking whether the gfortran linker (/usr/x86_64-suse-linux/bin/ld -m elf_x86_64) supports shared libraries
configure:19059: result: yes
configure:19200: checking dynamic linker characteristics
configure:19861: result: GNU/Linux ld.so
configure:19914: checking how to hardcode library paths into programs
configure:19939: result: immediate
configure:19976: checking how to get verbose linking output from gfortran
configure:20087: result: -v
configure:20089: checking for Fortran 77 libraries of gfortran
configure:20308: result:  -L/usr/lib64/gcc/x86_64-suse-linux/4.8 -L/usr/lib64/gcc/x86_64-suse-linux/4.8/../../../../lib64 -L/lib/../lib64 -L/usr/lib/../lib64 -L/usr/lib64/gcc/x86_64-suse-linux/4.8/../../../../x86_64-suse-linux/lib -L/usr/lib64/gcc/x86_64-suse-linux/4.8/../../.. -lgfortran -lm -lquadmath
configure:20506: checking whether pthreads work with -pthread
configure:20597: gcc -o conftest -g -O2 -pthread   conftest.c   >&5
configure:20597: $? = 0
configure:20606: result: yes
configure:20626: checking for joinable pthread attribute
configure:20647: gcc -o conftest -g -O2 -pthread   conftest.c   >&5
configure:20647: $? = 0
configure:20687: result: PTHREAD_CREATE_JOINABLE
configure:20694: checking if more special flags are required for pthreads
configure:20701: result: no
configure:20713: checking for cc_r
configure:20741: result: gcc
configure:20777: checking for omniORB...
configure:20797: checking for python
configure:20815: found /homesd/msandro/software/salome/Python-2.7.3/bin/python
configure:20827: result: /homesd/msandro/software/salome/Python-2.7.3/bin/python
configure:20839: checking local Python configuration...
configure:20930: checking if we need libdb
configure:20987: result: no
configure:20991: checking if we need libdl
configure:20995: result: yes
configure:20997: checking for dlopen in -ldl
configure:21030: g++ -o conftest -g -O2   conftest.cpp -ldl   >&5
configure:21030: $? = 0
configure:21039: result: yes
configure:21052: checking if we need libutil
configure:21056: result: yes
configure:21058: checking for openpty in -lutil
configure:21091: g++ -o conftest -g -O2   conftest.cpp -lutil   >&5
configure:21091: $? = 0
configure:21100: result: yes
configure:21113: checking if we need tcltk
configure:21170: result: no
configure:21175: result: looks good
configure:21191: checking for omniidl
configure:21209: found /homesd/msandro/software/salome/omniORB-4.1.6/bin/omniidl
configure:21221: result: /homesd/msandro/software/salome/omniORB-4.1.6/bin/omniidl
configure:21333: checking CORBA.h usability
configure:21333: g++ -c -g -O2 -pthread  -DOMNIORB_VERSION=4 -D__x86__ -D__linux__ -I/homesd/msandro/software/salome/omniORB-4.1.6/include -I/homesd/msandro/software/salome/omniORB-4.1.6/include/omniORB4 -I/homesd/msandro/software/salome/omniORB-4.1.6/include/COS conftest.cpp >&5
In file included from /homesd/msandro/software/salome/omniORB-4.1.6/include/omniconfig.h:37:0,
                 from /homesd/msandro/software/salome/omniORB-4.1.6/include/omniORB4/CORBA_sysdep.h:107,
                 from /homesd/msandro/software/salome/omniORB-4.1.6/include/omniORB4/omniInternal.h:232,
                 from /homesd/msandro/software/salome/omniORB-4.1.6/include/omniORB4/CORBA.h:347,
                 from conftest.cpp:60:
/homesd/msandro/software/salome/omniORB-4.1.6/include/omniORB4/acconfig.h:242:0: warning: "PACKAGE_BUGREPORT" redefined [enabled by default]
 #define PACKAGE_BUGREPORT "bugs@omniorb-support.com"
 ^
conftest.cpp:6:0: note: this is the location of the previous definition
 #define PACKAGE_BUGREPORT ""
 ^
In file included from /homesd/msandro/software/salome/omniORB-4.1.6/include/omniconfig.h:37:0,
                 from /homesd/msandro/software/salome/omniORB-4.1.6/include/omniORB4/CORBA_sysdep.h:107,
                 from /homesd/msandro/software/salome/omniORB-4.1.6/include/omniORB4/omniInternal.h:232,
                 from /homesd/msandro/software/salome/omniORB-4.1.6/include/omniORB4/CORBA.h:347,
                 from conftest.cpp:60:
/homesd/msandro/software/salome/omniORB-4.1.6/include/omniORB4/acconfig.h:245:0: warning: "PACKAGE_NAME" redefined [enabled by default]
 #define PACKAGE_NAME "omniORB"
 ^
conftest.cpp:2:0: note: this is the location of the previous definition
 #define PACKAGE_NAME "mathematics"
 ^
In file included from /homesd/msandro/software/salome/omniORB-4.1.6/include/omniconfig.h:37:0,
                 from /homesd/msandro/software/salome/omniORB-4.1.6/include/omniORB4/CORBA_sysdep.h:107,
                 from /homesd/msandro/software/salome/omniORB-4.1.6/include/omniORB4/omniInternal.h:232,
                 from /homesd/msandro/software/salome/omniORB-4.1.6/include/omniORB4/CORBA.h:347,
                 from conftest.cpp:60:
/homesd/msandro/software/salome/omniORB-4.1.6/include/omniORB4/acconfig.h:248:0: warning: "PACKAGE_STRING" redefined [enabled by default]
 #define PACKAGE_STRING "omniORB 4.1.6"
 ^
conftest.cpp:5:0: note: this is the location of the previous definition
 #define PACKAGE_STRING "mathematics 1.0"
 ^
In file included from /homesd/msandro/software/salome/omniORB-4.1.6/include/omniconfig.h:37:0,
                 from /homesd/msandro/software/salome/omniORB-4.1.6/include/omniORB4/CORBA_sysdep.h:107,
                 from /homesd/msandro/software/salome/omniORB-4.1.6/include/omniORB4/omniInternal.h:232,
                 from /homesd/msandro/software/salome/omniORB-4.1.6/include/omniORB4/CORBA.h:347,
                 from conftest.cpp:60:
/homesd/msandro/software/salome/omniORB-4.1.6/include/omniORB4/acconfig.h:251:0: warning: "PACKAGE_TARNAME" redefined [enabled by default]
 #define PACKAGE_TARNAME "omniorb"
 ^
conftest.cpp:3:0: note: this is the location of the previous definition
 #define PACKAGE_TARNAME "mathematics"
 ^
In file included from /homesd/msandro/software/salome/omniORB-4.1.6/include/omniconfig.h:37:0,
                 from /homesd/msandro/software/salome/omniORB-4.1.6/include/omniORB4/CORBA_sysdep.h:107,
                 from /homesd/msandro/software/salome/omniORB-4.1.6/include/omniORB4/omniInternal.h:232,
                 from /homesd/msandro/software/salome/omniORB-4.1.6/include/omniORB4/CORBA.h:347,
                 from conftest.cpp:60:
/homesd/msandro/software/salome/omniORB-4.1.6/include/omniORB4/acconfig.h:254:0: warning: "PACKAGE_VERSION" redefined [enabled by default]
 #define PACKAGE_VERSION "4.1.6"
 ^
conftest.cpp:4:0: note: this is the location of the previous definition
 #define PACKAGE_VERSION "1.0"
 ^
configure:21333: $? = 0
configure:21333: result: yes
configure:21333: checking CORBA.h presence
configure:21333: g++ -E  -DOMNIORB_VERSION=4 -D__x86__ -D__linux__ -I/homesd/msandro/software/salome/omniORB-4.1.6/include -I/homesd/msandro/software/salome/omniORB-4.1.6/include/omniORB4 -I/homesd/msandro/software/salome/omniORB-4.1.6/include/COS conftest.cpp
In file included from /homesd/msandro/software/salome/omniORB-4.1.6/include/omniconfig.h:37:0,
                 from /homesd/msandro/software/salome/omniORB-4.1.6/include/omniORB4/CORBA_sysdep.h:107,
                 from /homesd/msandro/software/salome/omniORB-4.1.6/include/omniORB4/omniInternal.h:232,
                 from /homesd/msandro/software/salome/omniORB-4.1.6/include/omniORB4/CORBA.h:347,
                 from conftest.cpp:27:
/homesd/msandro/software/salome/omniORB-4.1.6/include/omniORB4/acconfig.h:242:0: warning: "PACKAGE_BUGREPORT" redefined [enabled by default]
 #define PACKAGE_BUGREPORT "bugs@omniorb-support.com"
 ^
conftest.cpp:6:0: note: this is the location of the previous definition
 #define PACKAGE_BUGREPORT ""
 ^
In file included from /homesd/msandro/software/salome/omniORB-4.1.6/include/omniconfig.h:37:0,
                 from /homesd/msandro/software/salome/omniORB-4.1.6/include/omniORB4/CORBA_sysdep.h:107,
                 from /homesd/msandro/software/salome/omniORB-4.1.6/include/omniORB4/omniInternal.h:232,
                 from /homesd/msandro/software/salome/omniORB-4.1.6/include/omniORB4/CORBA.h:347,
                 from conftest.cpp:27:
/homesd/msandro/software/salome/omniORB-4.1.6/include/omniORB4/acconfig.h:245:0: warning: "PACKAGE_NAME" redefined [enabled by default]
 #define PACKAGE_NAME "omniORB"
 ^
conftest.cpp:2:0: note: this is the location of the previous definition
 #define PACKAGE_NAME "mathematics"
 ^
In file included from /homesd/msandro/software/salome/omniORB-4.1.6/include/omniconfig.h:37:0,
                 from /homesd/msandro/software/salome/omniORB-4.1.6/include/omniORB4/CORBA_sysdep.h:107,
                 from /homesd/msandro/software/salome/omniORB-4.1.6/include/omniORB4/omniInternal.h:232,
                 from /homesd/msandro/software/salome/omniORB-4.1.6/include/omniORB4/CORBA.h:347,
                 from conftest.cpp:27:
/homesd/msandro/software/salome/omniORB-4.1.6/include/omniORB4/acconfig.h:248:0: warning: "PACKAGE_STRING" redefined [enabled by default]
 #define PACKAGE_STRING "omniORB 4.1.6"
 ^
conftest.cpp:5:0: note: this is the location of the previous definition
 #define PACKAGE_STRING "mathematics 1.0"
 ^
In file included from /homesd/msandro/software/salome/omniORB-4.1.6/include/omniconfig.h:37:0,
                 from /homesd/msandro/software/salome/omniORB-4.1.6/include/omniORB4/CORBA_sysdep.h:107,
                 from /homesd/msandro/software/salome/omniORB-4.1.6/include/omniORB4/omniInternal.h:232,
                 from /homesd/msandro/software/salome/omniORB-4.1.6/include/omniORB4/CORBA.h:347,
                 from conftest.cpp:27:
/homesd/msandro/software/salome/omniORB-4.1.6/include/omniORB4/acconfig.h:251:0: warning: "PACKAGE_TARNAME" redefined [enabled by default]
 #define PACKAGE_TARNAME "omniorb"
 ^
conftest.cpp:3:0: note: this is the location of the previous definition
 #define PACKAGE_TARNAME "mathematics"
 ^
In file included from /homesd/msandro/software/salome/omniORB-4.1.6/include/omniconfig.h:37:0,
                 from /homesd/msandro/software/salome/omniORB-4.1.6/include/omniORB4/CORBA_sysdep.h:107,
                 from /homesd/msandro/software/salome/omniORB-4.1.6/include/omniORB4/omniInternal.h:232,
                 from /homesd/msandro/software/salome/omniORB-4.1.6/include/omniORB4/CORBA.h:347,
                 from conftest.cpp:27:
/homesd/msandro/software/salome/omniORB-4.1.6/include/omniORB4/acconfig.h:254:0: warning: "PACKAGE_VERSION" redefined [enabled by default]
 #define PACKAGE_VERSION "4.1.6"
 ^
conftest.cpp:4:0: note: this is the location of the previous definition
 #define PACKAGE_VERSION "1.0"
 ^
configure:21333: $? = 0
configure:21333: result: yes
configure:21333: checking for CORBA.h
configure:21333: result: yes
configure:21363: checking whether we can link with omnithreads
configure:21389: g++ -o conftest -g -O2 -pthread -DOMNIORB_VERSION=4 -D__x86__ -D__linux__ -I/homesd/msandro/software/salome/omniORB-4.1.6/include -I/homesd/msandro/software/salome/omniORB-4.1.6/include/omniORB4 -I/homesd/msandro/software/salome/omniORB-4.1.6/include/COS   conftest.cpp   -L/homesd/msandro/software/salome/omniORB-4.1.6/lib -lomnithread >&5
configure:21389: $? = 0
configure:21406: result: yes
configure:21418: checking for socket in -lsocket
configure:21451: g++ -o conftest -g -O2 -pthread   conftest.cpp -lsocket    >&5
/usr/lib64/gcc/x86_64-suse-linux/4.8/../../../../x86_64-suse-linux/bin/ld: cannot find -lsocket
collect2: error: ld returned 1 exit status
configure:21451: $? = 1
configure: failed program was:
| /* confdefs.h */
| #define PACKAGE_NAME "mathematics"
| #define PACKAGE_TARNAME "mathematics"
| #define PACKAGE_VERSION "1.0"
| #define PACKAGE_STRING "mathematics 1.0"
| #define PACKAGE_BUGREPORT ""
| #define PACKAGE_URL ""
| #define PACKAGE "mathematics"
| #define VERSION "1.0"
| #define STDC_HEADERS 1
| #define HAVE_SYS_TYPES_H 1
| #define HAVE_SYS_STAT_H 1
| #define HAVE_STDLIB_H 1
| #define HAVE_STRING_H 1
| #define HAVE_MEMORY_H 1
| #define HAVE_STRINGS_H 1
| #define HAVE_INTTYPES_H 1
| #define HAVE_STDINT_H 1
| #define HAVE_UNISTD_H 1
| #define HAVE_DLFCN_H 1
| #define LT_OBJDIR ".libs/"
| #define F77_FUNC(name,NAME) name ## _
| #define F77_FUNC_(name,NAME) name ## _
| #define HAVE_PTHREAD 1
| #define __OSVERSION__ 2
| /* end confdefs.h.  */
| 
| /* Override any GCC internal prototype to avoid an error.
|    Use char because int might match the return type of a GCC
|    builtin and then its argument prototype would still apply.  */
| #ifdef __cplusplus
| extern "C"
| #endif
| char socket ();
| #ifdef F77_DUMMY_MAIN
| 
| #  ifdef __cplusplus
|      extern "C"
| #  endif
|    int F77_DUMMY_MAIN() { return 1; }
| 
| #endif
| int
| main ()
| {
| return socket ();
|   ;
|   return 0;
| }
configure:21460: result: no
configure:21466: checking for gethostbyname in -lnsl
configure:21499: g++ -o conftest -g -O2 -pthread   conftest.cpp -lnsl    >&5
configure:21499: $? = 0
configure:21508: result: yes
configure:21532: checking whether we can link with omniORB
configure:21558: g++ -o conftest -g -O2 -pthread -DOMNIORB_VERSION=4 -D__x86__ -D__linux__ -I/homesd/msandro/software/salome/omniORB-4.1.6/include -I/homesd/msandro/software/salome/omniORB-4.1.6/include/omniORB4 -I/homesd/msandro/software/salome/omniORB-4.1.6/include/COS   conftest.cpp -L/homesd/msandro/software/salome/omniORB-4.1.6/lib -lomniORB4 -lomniDynamic4 -lCOS4 -lCOSDynamic4 -lomnithread -Wl,-R/homesd/msandro/software/salome/omniORB-4.1.6/lib -lnsl   >&5
In file included from /homesd/msandro/software/salome/omniORB-4.1.6/include/omniconfig.h:37:0,
                 from /homesd/msandro/software/salome/omniORB-4.1.6/include/omniORB4/CORBA_sysdep.h:107,
                 from /homesd/msandro/software/salome/omniORB-4.1.6/include/omniORB4/omniInternal.h:232,
                 from /homesd/msandro/software/salome/omniORB-4.1.6/include/omniORB4/CORBA.h:347,
                 from conftest.cpp:27:
/homesd/msandro/software/salome/omniORB-4.1.6/include/omniORB4/acconfig.h:242:0: warning: "PACKAGE_BUGREPORT" redefined [enabled by default]
 #define PACKAGE_BUGREPORT "bugs@omniorb-support.com"
 ^
conftest.cpp:6:0: note: this is the location of the previous definition
 #define PACKAGE_BUGREPORT ""
 ^
In file included from /homesd/msandro/software/salome/omniORB-4.1.6/include/omniconfig.h:37:0,
                 from /homesd/msandro/software/salome/omniORB-4.1.6/include/omniORB4/CORBA_sysdep.h:107,
                 from /homesd/msandro/software/salome/omniORB-4.1.6/include/omniORB4/omniInternal.h:232,
                 from /homesd/msandro/software/salome/omniORB-4.1.6/include/omniORB4/CORBA.h:347,
                 from conftest.cpp:27:
/homesd/msandro/software/salome/omniORB-4.1.6/include/omniORB4/acconfig.h:245:0: warning: "PACKAGE_NAME" redefined [enabled by default]
 #define PACKAGE_NAME "omniORB"
 ^
conftest.cpp:2:0: note: this is the location of the previous definition
 #define PACKAGE_NAME "mathematics"
 ^
In file included from /homesd/msandro/software/salome/omniORB-4.1.6/include/omniconfig.h:37:0,
                 from /homesd/msandro/software/salome/omniORB-4.1.6/include/omniORB4/CORBA_sysdep.h:107,
                 from /homesd/msandro/software/salome/omniORB-4.1.6/include/omniORB4/omniInternal.h:232,
                 from /homesd/msandro/software/salome/omniORB-4.1.6/include/omniORB4/CORBA.h:347,
                 from conftest.cpp:27:
/homesd/msandro/software/salome/omniORB-4.1.6/include/omniORB4/acconfig.h:248:0: warning: "PACKAGE_STRING" redefined [enabled by default]
 #define PACKAGE_STRING "omniORB 4.1.6"
 ^
conftest.cpp:5:0: note: this is the location of the previous definition
 #define PACKAGE_STRING "mathematics 1.0"
 ^
In file included from /homesd/msandro/software/salome/omniORB-4.1.6/include/omniconfig.h:37:0,
                 from /homesd/msandro/software/salome/omniORB-4.1.6/include/omniORB4/CORBA_sysdep.h:107,
                 from /homesd/msandro/software/salome/omniORB-4.1.6/include/omniORB4/omniInternal.h:232,
                 from /homesd/msandro/software/salome/omniORB-4.1.6/include/omniORB4/CORBA.h:347,
                 from conftest.cpp:27:
/homesd/msandro/software/salome/omniORB-4.1.6/include/omniORB4/acconfig.h:251:0: warning: "PACKAGE_TARNAME" redefined [enabled by default]
 #define PACKAGE_TARNAME "omniorb"
 ^
conftest.cpp:3:0: note: this is the location of the previous definition
 #define PACKAGE_TARNAME "mathematics"
 ^
In file included from /homesd/msandro/software/salome/omniORB-4.1.6/include/omniconfig.h:37:0,
                 from /homesd/msandro/software/salome/omniORB-4.1.6/include/omniORB4/CORBA_sysdep.h:107,
                 from /homesd/msandro/software/salome/omniORB-4.1.6/include/omniORB4/omniInternal.h:232,
                 from /homesd/msandro/software/salome/omniORB-4.1.6/include/omniORB4/CORBA.h:347,
                 from conftest.cpp:27:
/homesd/msandro/software/salome/omniORB-4.1.6/include/omniORB4/acconfig.h:254:0: warning: "PACKAGE_VERSION" redefined [enabled by default]
 #define PACKAGE_VERSION "4.1.6"
 ^
conftest.cpp:4:0: note: this is the location of the previous definition
 #define PACKAGE_VERSION "1.0"
 ^
configure:21558: $? = 0
configure:21577: result: yes
configure:21640: checking omniORBpy
configure:21644: result: yes
configure:21655: result: for omniORBpy: yes
configure:21657: result: for omniORB: yes
configure:21752: checking whether we have double and CORBA::Double compatibility
configure:21782: g++ -o conftest -g -O2 -pthread -DOMNIORB_VERSION=4 -D__x86__ -D__linux__ -I/homesd/msandro/software/salome/omniORB-4.1.6/include -I/homesd/msandro/software/salome/omniORB-4.1.6/include/omniORB4 -I/homesd/msandro/software/salome/omniORB-4.1.6/include/COS   conftest.cpp -lnsl   -L/homesd/msandro/software/salome/omniORB-4.1.6/lib -L/homesd/msandro/software/salome/omniORB-4.1.6/lib -lomniORB4 -lomniDynamic4 -lCOS4 -lCOSDynamic4 -lomnithread -Wl,-R/homesd/msandro/software/salome/omniORB-4.1.6/lib >&5
In file included from /homesd/msandro/software/salome/omniORB-4.1.6/include/omniconfig.h:37:0,
                 from /homesd/msandro/software/salome/omniORB-4.1.6/include/omniORB4/CORBA_sysdep.h:107,
                 from /homesd/msandro/software/salome/omniORB-4.1.6/include/omniORB4/omniInternal.h:232,
                 from /homesd/msandro/software/salome/omniORB-4.1.6/include/omniORB4/CORBA.h:347,
                 from conftest.cpp:32:
/homesd/msandro/software/salome/omniORB-4.1.6/include/omniORB4/acconfig.h:242:0: warning: "PACKAGE_BUGREPORT" redefined [enabled by default]
 #define PACKAGE_BUGREPORT "bugs@omniorb-support.com"
 ^
conftest.cpp:6:0: note: this is the location of the previous definition
 #define PACKAGE_BUGREPORT ""
 ^
In file included from /homesd/msandro/software/salome/omniORB-4.1.6/include/omniconfig.h:37:0,
                 from /homesd/msandro/software/salome/omniORB-4.1.6/include/omniORB4/CORBA_sysdep.h:107,
                 from /homesd/msandro/software/salome/omniORB-4.1.6/include/omniORB4/omniInternal.h:232,
                 from /homesd/msandro/software/salome/omniORB-4.1.6/include/omniORB4/CORBA.h:347,
                 from conftest.cpp:32:
/homesd/msandro/software/salome/omniORB-4.1.6/include/omniORB4/acconfig.h:245:0: warning: "PACKAGE_NAME" redefined [enabled by default]
 #define PACKAGE_NAME "omniORB"
 ^
conftest.cpp:2:0: note: this is the location of the previous definition
 #define PACKAGE_NAME "mathematics"
 ^
In file included from /homesd/msandro/software/salome/omniORB-4.1.6/include/omniconfig.h:37:0,
                 from /homesd/msandro/software/salome/omniORB-4.1.6/include/omniORB4/CORBA_sysdep.h:107,
                 from /homesd/msandro/software/salome/omniORB-4.1.6/include/omniORB4/omniInternal.h:232,
                 from /homesd/msandro/software/salome/omniORB-4.1.6/include/omniORB4/CORBA.h:347,
                 from conftest.cpp:32:
/homesd/msandro/software/salome/omniORB-4.1.6/include/omniORB4/acconfig.h:248:0: warning: "PACKAGE_STRING" redefined [enabled by default]
 #define PACKAGE_STRING "omniORB 4.1.6"
 ^
conftest.cpp:5:0: note: this is the location of the previous definition
 #define PACKAGE_STRING "mathematics 1.0"
 ^
In file included from /homesd/msandro/software/salome/omniORB-4.1.6/include/omniconfig.h:37:0,
                 from /homesd/msandro/software/salome/omniORB-4.1.6/include/omniORB4/CORBA_sysdep.h:107,
                 from /homesd/msandro/software/salome/omniORB-4.1.6/include/omniORB4/omniInternal.h:232,
                 from /homesd/msandro/software/salome/omniORB-4.1.6/include/omniORB4/CORBA.h:347,
                 from conftest.cpp:32:
/homesd/msandro/software/salome/omniORB-4.1.6/include/omniORB4/acconfig.h:251:0: warning: "PACKAGE_TARNAME" redefined [enabled by default]
 #define PACKAGE_TARNAME "omniorb"
 ^
conftest.cpp:3:0: note: this is the location of the previous definition
 #define PACKAGE_TARNAME "mathematics"
 ^
In file included from /homesd/msandro/software/salome/omniORB-4.1.6/include/omniconfig.h:37:0,
                 from /homesd/msandro/software/salome/omniORB-4.1.6/include/omniORB4/CORBA_sysdep.h:107,
                 from /homesd/msandro/software/salome/omniORB-4.1.6/include/omniORB4/omniInternal.h:232,
                 from /homesd/msandro/software/salome/omniORB-4.1.6/include/omniORB4/CORBA.h:347,
                 from conftest.cpp:32:
/homesd/msandro/software/salome/omniORB-4.1.6/include/omniORB4/acconfig.h:254:0: warning: "PACKAGE_VERSION" redefined [enabled by default]
 #define PACKAGE_VERSION "4.1.6"
 ^
conftest.cpp:4:0: note: this is the location of the previous definition
 #define PACKAGE_VERSION "1.0"
 ^
configure:21782: $? = 0
configure:21782: ./conftest
configure:21782: $? = 0
configure:21793: result: yes
configure:21799: checking whether we have int and CORBA::Long compatibility
configure:21825: g++ -o conftest -g -O2 -pthread -DOMNIORB_VERSION=4 -D__x86__ -D__linux__ -I/homesd/msandro/software/salome/omniORB-4.1.6/include -I/homesd/msandro/software/salome/omniORB-4.1.6/include/omniORB4 -I/homesd/msandro/software/salome/omniORB-4.1.6/include/COS   conftest.cpp -lnsl   -L/homesd/msandro/software/salome/omniORB-4.1.6/lib -L/homesd/msandro/software/salome/omniORB-4.1.6/lib -lomniORB4 -lomniDynamic4 -lCOS4 -lCOSDynamic4 -lomnithread -Wl,-R/homesd/msandro/software/salome/omniORB-4.1.6/lib >&5
In file included from /homesd/msandro/software/salome/omniORB-4.1.6/include/omniconfig.h:37:0,
                 from /homesd/msandro/software/salome/omniORB-4.1.6/include/omniORB4/CORBA_sysdep.h:107,
                 from /homesd/msandro/software/salome/omniORB-4.1.6/include/omniORB4/omniInternal.h:232,
                 from /homesd/msandro/software/salome/omniORB-4.1.6/include/omniORB4/CORBA.h:347,
                 from conftest.cpp:32:
/homesd/msandro/software/salome/omniORB-4.1.6/include/omniORB4/acconfig.h:242:0: warning: "PACKAGE_BUGREPORT" redefined [enabled by default]
 #define PACKAGE_BUGREPORT "bugs@omniorb-support.com"
 ^
conftest.cpp:6:0: note: this is the location of the previous definition
 #define PACKAGE_BUGREPORT ""
 ^
In file included from /homesd/msandro/software/salome/omniORB-4.1.6/include/omniconfig.h:37:0,
                 from /homesd/msandro/software/salome/omniORB-4.1.6/include/omniORB4/CORBA_sysdep.h:107,
                 from /homesd/msandro/software/salome/omniORB-4.1.6/include/omniORB4/omniInternal.h:232,
                 from /homesd/msandro/software/salome/omniORB-4.1.6/include/omniORB4/CORBA.h:347,
                 from conftest.cpp:32:
/homesd/msandro/software/salome/omniORB-4.1.6/include/omniORB4/acconfig.h:245:0: warning: "PACKAGE_NAME" redefined [enabled by default]
 #define PACKAGE_NAME "omniORB"
 ^
conftest.cpp:2:0: note: this is the location of the previous definition
 #define PACKAGE_NAME "mathematics"
 ^
In file included from /homesd/msandro/software/salome/omniORB-4.1.6/include/omniconfig.h:37:0,
                 from /homesd/msandro/software/salome/omniORB-4.1.6/include/omniORB4/CORBA_sysdep.h:107,
                 from /homesd/msandro/software/salome/omniORB-4.1.6/include/omniORB4/omniInternal.h:232,
                 from /homesd/msandro/software/salome/omniORB-4.1.6/include/omniORB4/CORBA.h:347,
                 from conftest.cpp:32:
/homesd/msandro/software/salome/omniORB-4.1.6/include/omniORB4/acconfig.h:248:0: warning: "PACKAGE_STRING" redefined [enabled by default]
 #define PACKAGE_STRING "omniORB 4.1.6"
 ^
conftest.cpp:5:0: note: this is the location of the previous definition
 #define PACKAGE_STRING "mathematics 1.0"
 ^
In file included from /homesd/msandro/software/salome/omniORB-4.1.6/include/omniconfig.h:37:0,
                 from /homesd/msandro/software/salome/omniORB-4.1.6/include/omniORB4/CORBA_sysdep.h:107,
                 from /homesd/msandro/software/salome/omniORB-4.1.6/include/omniORB4/omniInternal.h:232,
                 from /homesd/msandro/software/salome/omniORB-4.1.6/include/omniORB4/CORBA.h:347,
                 from conftest.cpp:32:
/homesd/msandro/software/salome/omniORB-4.1.6/include/omniORB4/acconfig.h:251:0: warning: "PACKAGE_TARNAME" redefined [enabled by default]
 #define PACKAGE_TARNAME "omniorb"
 ^
conftest.cpp:3:0: note: this is the location of the previous definition
 #define PACKAGE_TARNAME "mathematics"
 ^
In file included from /homesd/msandro/software/salome/omniORB-4.1.6/include/omniconfig.h:37:0,
                 from /homesd/msandro/software/salome/omniORB-4.1.6/include/omniORB4/CORBA_sysdep.h:107,
                 from /homesd/msandro/software/salome/omniORB-4.1.6/include/omniORB4/omniInternal.h:232,
                 from /homesd/msandro/software/salome/omniORB-4.1.6/include/omniORB4/CORBA.h:347,
                 from conftest.cpp:32:
/homesd/msandro/software/salome/omniORB-4.1.6/include/omniORB4/acconfig.h:254:0: warning: "PACKAGE_VERSION" redefined [enabled by default]
 #define PACKAGE_VERSION "4.1.6"
 ^
conftest.cpp:4:0: note: this is the location of the previous definition
 #define PACKAGE_VERSION "1.0"
 ^
configure:21825: $? = 0
configure:21825: ./conftest
configure:21825: $? = 0
configure:21836: result: yes
configure:21920: checking for PaCO++
configure:21932: result: no
configure:22945: checking for Aster...
configure:22970: WARNING: "Cannot find Aster distribution"
configure:22974: result: for Aster: no
configure:23132: checking that generated files are newer than configure
configure:23138: result: done
configure:23177: creating ./config.status

## ---------------------- ##
## Running config.status. ##
## ---------------------- ##

This file was extended by mathematics config.status 1.0, which was
generated by GNU Autoconf 2.69.  Invocation command line was

  CONFIG_FILES    = 
  CONFIG_HEADERS  = 
  CONFIG_LINKS    = 
  CONFIG_COMMANDS = 
  $ ./config.status 

on pool

config.status:1273: creating Makefile
config.status:1273: creating idl/Makefile
config.status:1273: creating resources/Makefile
config.status:1273: creating src/Makefile
config.status:1273: creating src/MATH/Makefile
config.status:1273: creating mathematics_config.h
config.status:1502: executing depfiles commands
config.status:1502: executing libtool commands
configure:25905: WARNING: unrecognized options: --with-gui

## ---------------- ##
## Cache variables. ##
## ---------------- ##

ac_cv_build=x86_64-suse-linux-gnu
ac_cv_c_compiler_gnu=yes
ac_cv_cxx_compiler_gnu=yes
ac_cv_env_CCC_set=
ac_cv_env_CCC_value=
ac_cv_env_CC_set=
ac_cv_env_CC_value=
ac_cv_env_CFLAGS_set=
ac_cv_env_CFLAGS_value=
ac_cv_env_CPPFLAGS_set=
ac_cv_env_CPPFLAGS_value=
ac_cv_env_CPP_set=
ac_cv_env_CPP_value=
ac_cv_env_CXXCPP_set=
ac_cv_env_CXXCPP_value=
ac_cv_env_CXXFLAGS_set=
ac_cv_env_CXXFLAGS_value=
ac_cv_env_CXX_set=
ac_cv_env_CXX_value=
ac_cv_env_F77_set=
ac_cv_env_F77_value=
ac_cv_env_FFLAGS_set=
ac_cv_env_FFLAGS_value=
ac_cv_env_LDFLAGS_set=
ac_cv_env_LDFLAGS_value=
ac_cv_env_LIBS_set=
ac_cv_env_LIBS_value=
ac_cv_env_build_alias_set=
ac_cv_env_build_alias_value=
ac_cv_env_host_alias_set=
ac_cv_env_host_alias_value=
ac_cv_env_target_alias_set=
ac_cv_env_target_alias_value=
ac_cv_f77_compiler_gnu=yes
ac_cv_f77_dummy_main=none
ac_cv_f77_libs=' -L/usr/lib64/gcc/x86_64-suse-linux/4.8 -L/usr/lib64/gcc/x86_64-suse-linux/4.8/../../../../lib64 -L/lib/../lib64 -L/usr/lib/../lib64 -L/usr/lib64/gcc/x86_64-suse-linux/4.8/../../../../x86_64-suse-linux/lib -L/usr/lib64/gcc/x86_64-suse-linux/4.8/../../.. -lgfortran -lm -lquadmath'
ac_cv_f77_mangling='lower case, underscore, no extra underscore'
ac_cv_fortran_dummy_main=none
ac_cv_header_CORBA_h=yes
ac_cv_header_dlfcn_h=yes
ac_cv_header_inttypes_h=yes
ac_cv_header_memory_h=yes
ac_cv_header_stdc=yes
ac_cv_header_stdint_h=yes
ac_cv_header_stdlib_h=yes
ac_cv_header_string_h=yes
ac_cv_header_strings_h=yes
ac_cv_header_sys_stat_h=yes
ac_cv_header_sys_types_h=yes
ac_cv_header_unistd_h=yes
ac_cv_host=x86_64-suse-linux-gnu
ac_cv_lib_dl_dlopen=yes
ac_cv_lib_nsl_gethostbyname=yes
ac_cv_lib_socket_socket=no
ac_cv_lib_util_openpty=yes
ac_cv_objext=o
ac_cv_path_EGREP='/usr/bin/grep -E'
ac_cv_path_FGREP='/usr/bin/grep -F'
ac_cv_path_GREP=/usr/bin/grep
ac_cv_path_OMNIORB_IDL=/homesd/msandro/software/salome/omniORB-4.1.6/bin/omniidl
ac_cv_path_PYTHON=/homesd/msandro/software/salome/Python-2.7.3/bin/python
ac_cv_path_SED=/usr/bin/sed
ac_cv_path_install='/usr/bin/install -c'
ac_cv_path_mkdir=/usr/bin/mkdir
ac_cv_prog_AWK=gawk
ac_cv_prog_CPP='gcc -E'
ac_cv_prog_CXXCPP='g++ -E'
ac_cv_prog_PTHREAD_CC=gcc
ac_cv_prog_ac_ct_AR=ar
ac_cv_prog_ac_ct_CC=gcc
ac_cv_prog_ac_ct_CXX=g++
ac_cv_prog_ac_ct_F77=gfortran
ac_cv_prog_ac_ct_MANIFEST_TOOL=mt
ac_cv_prog_ac_ct_OBJDUMP=objdump
ac_cv_prog_ac_ct_RANLIB=ranlib
ac_cv_prog_ac_ct_STRIP=strip
ac_cv_prog_cc_c89=
ac_cv_prog_cc_g=yes
ac_cv_prog_cxx_g=yes
ac_cv_prog_f77_g=yes
ac_cv_prog_f77_v=-v
ac_cv_prog_make_make_set=yes
am_cv_CC_dependencies_compiler_type=gcc3
am_cv_CXX_dependencies_compiler_type=gcc3
am_cv_make_support_nested_variables=yes
lt_cv_ar_at_file=@
lt_cv_archive_cmds_need_lc=no
lt_cv_deplibs_check_method=pass_all
lt_cv_file_magic_cmd='$MAGIC_CMD'
lt_cv_file_magic_test_file=
lt_cv_ld_reload_flag=-r
lt_cv_nm_interface='BSD nm'
lt_cv_objdir=.libs
lt_cv_path_LD=/usr/x86_64-suse-linux/bin/ld
lt_cv_path_LDCXX='/usr/x86_64-suse-linux/bin/ld -m elf_x86_64'
lt_cv_path_NM='/usr/bin/nm -B'
lt_cv_path_mainfest_tool=no
lt_cv_prog_compiler_c_o=yes
lt_cv_prog_compiler_c_o_CXX=yes
lt_cv_prog_compiler_c_o_F77=yes
lt_cv_prog_compiler_pic='-fPIC -DPIC'
lt_cv_prog_compiler_pic_CXX='-fPIC -DPIC'
lt_cv_prog_compiler_pic_F77=-fPIC
lt_cv_prog_compiler_pic_works=yes
lt_cv_prog_compiler_pic_works_CXX=yes
lt_cv_prog_compiler_pic_works_F77=yes
lt_cv_prog_compiler_rtti_exceptions=no
lt_cv_prog_compiler_static_works=no
lt_cv_prog_compiler_static_works_CXX=no
lt_cv_prog_compiler_static_works_F77=no
lt_cv_prog_gnu_ld=yes
lt_cv_prog_gnu_ldcxx=yes
lt_cv_sharedlib_from_linklib_cmd='printf %s\n'
lt_cv_shlibpath_overrides_runpath=yes
lt_cv_sys_global_symbol_pipe='sed -n -e '\''s/^.*[	 ]\([ABCDGIRSTW][ABCDGIRSTW]*\)[	 ][	 ]*\([_A-Za-z][_A-Za-z0-9]*\)$/\1 \2 \2/p'\'' | sed '\''/ __gnu_lto/d'\'''
lt_cv_sys_global_symbol_to_c_name_address='sed -n -e '\''s/^: \([^ ]*\)[ ]*$/  {\"\1\", (void *) 0},/p'\'' -e '\''s/^[ABCDGIRSTW]* \([^ ]*\) \([^ ]*\)$/  {"\2", (void *) \&\2},/p'\'''
lt_cv_sys_global_symbol_to_c_name_address_lib_prefix='sed -n -e '\''s/^: \([^ ]*\)[ ]*$/  {\"\1\", (void *) 0},/p'\'' -e '\''s/^[ABCDGIRSTW]* \([^ ]*\) \(lib[^ ]*\)$/  {"\2", (void *) \&\2},/p'\'' -e '\''s/^[ABCDGIRSTW]* \([^ ]*\) \([^ ]*\)$/  {"lib\2", (void *) \&\2},/p'\'''
lt_cv_sys_global_symbol_to_cdecl='sed -n -e '\''s/^T .* \(.*\)$/extern int \1();/p'\'' -e '\''s/^[ABCDGIRSTW]* .* \(.*\)$/extern char \1;/p'\'''
lt_cv_sys_max_cmd_len=1572864
lt_cv_to_host_file_cmd=func_convert_file_noop
lt_cv_to_tool_file_cmd=func_convert_file_noop
salome_cv_lib_omniorb3=yes
salome_cv_lib_omnithreads=yes

## ----------------- ##
## Output variables. ##
## ----------------- ##

ACLOCAL='${SHELL} /homesd/msandro/software/femus/contrib/Myapplication/MATHEMATICS_SRC/adm_local/missing aclocal-1.13'
AMDEPBACKSLASH='\'
AMDEP_FALSE='#'
AMDEP_TRUE=''
AMTAR='$${TAR-tar}'
AM_BACKSLASH='\'
AM_DEFAULT_V='$(AM_DEFAULT_VERBOSITY)'
AM_DEFAULT_VERBOSITY='1'
AM_V='$(V)'
AR='ar'
ASTER_DIR=''
ASTER_INCLUDES=''
AUTOCONF='${SHELL} /homesd/msandro/software/femus/contrib/Myapplication/MATHEMATICS_SRC/adm_local/missing autoconf'
AUTOHEADER='${SHELL} /homesd/msandro/software/femus/contrib/Myapplication/MATHEMATICS_SRC/adm_local/missing autoheader'
AUTOMAKE='${SHELL} /homesd/msandro/software/femus/contrib/Myapplication/MATHEMATICS_SRC/adm_local/missing automake-1.13'
AWK='gawk'
CC='gcc'
CCDEPMODE='depmode=gcc3'
CFLAGS='-g -O2 -pthread'
CPP='gcc -E'
CPPFLAGS=''
CXX='g++'
CXXCPP='g++ -E'
CXXDEPMODE='depmode=gcc3'
CXXFLAGS='-g -O2 -pthread'
CYGPATH_W='echo'
DEFS='-DHAVE_CONFIG_H'
DEPDIR='.deps'
DLLTOOL='false'
DSYMUTIL=''
DUMPBIN=''
ECHO_C=''
ECHO_N='-n'
ECHO_T=''
EGREP='/usr/bin/grep -E'
EXEEXT=''
F77='gfortran'
FFLAGS='-g -O2'
FGREP='/usr/bin/grep -F'
FLIBS=' -L/usr/lib64/gcc/x86_64-suse-linux/4.8 -L/usr/lib64/gcc/x86_64-suse-linux/4.8/../../../../lib64 -L/lib/../lib64 -L/usr/lib/../lib64 -L/usr/lib64/gcc/x86_64-suse-linux/4.8/../../../../x86_64-suse-linux/lib -L/usr/lib64/gcc/x86_64-suse-linux/4.8/../../.. -lgfortran -lm -lquadmath'
GREP='/usr/bin/grep'
INSTALL_DATA='${INSTALL} -m 644'
INSTALL_PROGRAM='${INSTALL}'
INSTALL_SCRIPT='${INSTALL}'
INSTALL_STRIP_PROGRAM='$(install_sh) -c -s'
KERNEL_CXXFLAGS='-I/homesd/msandro/software/salome/KERNEL_7.3.0/include/salome '
KERNEL_LDFLAGS='-L/homesd/msandro/software/salome/KERNEL_7.3.0/lib/salome'
KERNEL_ROOT_DIR='/homesd/msandro/software/salome/KERNEL_7.3.0'
KERNEL_SITE_DIR='/homesd/msandro/software/salome/KERNEL_7.3.0'
LD='/usr/x86_64-suse-linux/bin/ld -m elf_x86_64'
LDEXPDYNFLAGS=''
LDFLAGS=''
LIBOBJS=''
LIBS='-lnsl  '
LIBTOOL='$(SHELL) $(top_builddir)/libtool'
LIB_LOCATION_SUFFIX=''
LIPO=''
LN_S='ln -s'
LTLIBOBJS=''
MAKEINFO='${SHELL} /homesd/msandro/software/femus/contrib/Myapplication/MATHEMATICS_SRC/adm_local/missing makeinfo'
MANIFEST_TOOL=':'
MKDIR_P='/usr/bin/mkdir -p'
MODULE_NAME='mathematics'
MPI2_IS_OK_FALSE=''
MPI2_IS_OK_TRUE='#'
MPI_INCLUDES=''
MPI_IS_OK_FALSE=''
MPI_IS_OK_TRUE='#'
MPI_LIBS=''
NM='/usr/bin/nm -B'
NMEDIT=''
OBJDUMP='objdump'
OBJEXT='o'
OMNIORB_CXXFLAGS='-DOMNIORB_VERSION=4 -D__x86__ -D__linux__ -DCOMP_CORBA_DOUBLE -DCOMP_CORBA_LONG'
OMNIORB_IDL='/homesd/msandro/software/salome/omniORB-4.1.6/bin/omniidl'
OMNIORB_IDLCXXFLAGS='-Wba -nf -I/homesd/msandro/software/salome/omniORB-4.1.6/idl'
OMNIORB_IDLPYFLAGS='-bpython -nf  -I/homesd/msandro/software/salome/omniORB-4.1.6/idl'
OMNIORB_IDL_CLN_CXX='SK.cc'
OMNIORB_IDL_CLN_H='.hh'
OMNIORB_IDL_CLN_OBJ='SK.o'
OMNIORB_IDL_SRV_CXX='SK.cc'
OMNIORB_IDL_SRV_H='.hh'
OMNIORB_IDL_SRV_OBJ='SK.o'
OMNIORB_IDL_TIE_CXX=''
OMNIORB_IDL_TIE_H=''
OMNIORB_INCLUDES='-I/homesd/msandro/software/salome/omniORB-4.1.6/include -I/homesd/msandro/software/salome/omniORB-4.1.6/include/omniORB4 -I/homesd/msandro/software/salome/omniORB-4.1.6/include/COS'
OMNIORB_LIBS='-L/homesd/msandro/software/salome/omniORB-4.1.6/lib -lomniORB4 -lomniDynamic4 -lCOS4 -lCOSDynamic4 -lomnithread -Wl,-R/homesd/msandro/software/salome/omniORB-4.1.6/lib'
OMNIORB_PACOIDLCXXFLAGS='-nf -I/homesd/msandro/software/salome/omniORB-4.1.6/idl'
OMNIORB_ROOT='/homesd/msandro/software/salome/omniORB-4.1.6'
OTOOL64=''
OTOOL=''
PACKAGE='mathematics'
PACKAGE_BUGREPORT=''
PACKAGE_NAME='mathematics'
PACKAGE_STRING='mathematics 1.0'
PACKAGE_TARNAME='mathematics'
PACKAGE_URL=''
PACKAGE_VERSION='1.0'
PACOPATH=''
PACO_IDL=''
PACO_INCLUDES=''
PACO_LIBS=''
PATH_SEPARATOR=':'
PTHREAD_CC='gcc'
PTHREAD_CFLAGS='-pthread'
PTHREAD_LIBS=''
PYTHON='/homesd/msandro/software/salome/Python-2.7.3/bin/python'
PYTHONHOME='/homesd/msandro/software/salome/Python-2.7.3'
PYTHON_INCLUDES='-I/homesd/msandro/software/salome/Python-2.7.3/include/python2.7'
PYTHON_LIBS='-L/homesd/msandro/software/salome/Python-2.7.3/lib/python2.7/config -lpython2.7 -ldl -lutil'
PYTHON_PLATFORM='linux2'
PYTHON_PREFIX='/homesd/msandro/software/salome/Python-2.7.3'
PYTHON_SITE='/homesd/msandro/software/salome/MATHEMATICS/lib/python2.7/site-packages'
PYTHON_SITE_EXEC='/lib/python2.7/site-packages'
PYTHON_SITE_INSTALL='/homesd/msandro/software/salome/MATHEMATICS/lib/python2.7/site-packages/mathematics'
PYTHON_SITE_PACKAGE='/homesd/msandro/software/salome/MATHEMATICS/lib/python2.7/site-packages/mathematics'
PYTHON_VERSION='2.7'
RANLIB='ranlib'
SED='/usr/bin/sed'
SET_MAKE=''
SHELL='/bin/sh'
STDLIB='-lstdc++'
STRIP='strip'
TEMP=''
VERSION='1.0'
WITHMPI='no'
ac_ct_AR='ar'
ac_ct_CC='gcc'
ac_ct_CXX='g++'
ac_ct_DUMPBIN=''
ac_ct_F77='gfortran'
acx_pthread_config=''
am__EXEEXT_FALSE=''
am__EXEEXT_TRUE='#'
am__fastdepCC_FALSE='#'
am__fastdepCC_TRUE=''
am__fastdepCXX_FALSE='#'
am__fastdepCXX_TRUE=''
am__include='include'
am__isrc=''
am__leading_dot='.'
am__nodep='_no'
am__quote=''
am__tar='$${TAR-tar} chof - "$$tardir"'
am__untar='$${TAR-tar} xf -'
bindir='${exec_prefix}/bin'
build='x86_64-suse-linux-gnu'
build_alias=''
build_cpu='x86_64'
build_os='linux-gnu'
build_vendor='suse'
datadir='${datarootdir}'
datarootdir='${prefix}/share'
docdir='${datarootdir}/doc/${PACKAGE_TARNAME}'
dvidir='${docdir}'
exec_prefix='${prefix}'
host='x86_64-suse-linux-gnu'
host_alias=''
host_cpu='x86_64'
host_os='linux-gnu'
host_vendor='suse'
htmldir='${docdir}'
includedir='${prefix}/include'
infodir='${datarootdir}/info'
install_sh='${SHELL} /homesd/msandro/software/femus/contrib/Myapplication/MATHEMATICS_SRC/adm_local/install-sh'
libdir='${exec_prefix}/lib64'
libexecdir='${exec_prefix}/lib'
localedir='${datarootdir}/locale'
localstatedir='${prefix}/var'
mandir='${datarootdir}/man'
mkdir_p='$(MKDIR_P)'
mpi2_ok=''
mpi_ok='no'
oldincludedir='/usr/include'
pdfdir='${docdir}'
prefix='/homesd/msandro/software/salome/MATHEMATICS'
program_transform_name='s,x,x,'
psdir='${docdir}'
pythondir='/homesd/msandro/software/salome/Python-2.7.3/lib/python2.7/'
sbindir='${exec_prefix}/sbin'
sharedstatedir='${prefix}/com'
sysconfdir='${prefix}/etc'
target_alias=''

## ----------- ##
## confdefs.h. ##
## ----------- ##

/* confdefs.h */
#define PACKAGE_NAME "mathematics"
#define PACKAGE_TARNAME "mathematics"
#define PACKAGE_VERSION "1.0"
#define PACKAGE_STRING "mathematics 1.0"
#define PACKAGE_BUGREPORT ""
#define PACKAGE_URL ""
#define PACKAGE "mathematics"
#define VERSION "1.0"
#define STDC_HEADERS 1
#define HAVE_SYS_TYPES_H 1
#define HAVE_SYS_STAT_H 1
#define HAVE_STDLIB_H 1
#define HAVE_STRING_H 1
#define HAVE_MEMORY_H 1
#define HAVE_STRINGS_H 1
#define HAVE_INTTYPES_H 1
#define HAVE_STDINT_H 1
#define HAVE_UNISTD_H 1
#define HAVE_DLFCN_H 1
#define LT_OBJDIR ".libs/"
#define F77_FUNC(name,NAME) name ## _
#define F77_FUNC_(name,NAME) name ## _
#define HAVE_PTHREAD 1
#define __OSVERSION__ 2
#define OMNIORB /**/
#define CORBA_HAVE_POA /**/
#define CORBA_ORB_INIT_HAVE_3_ARGS /**/
#define CORBA_ORB_INIT_THIRD_ARG /**/

configure: exit 0
